
!
! Last configuration change at 10:58:01 HKT Wed Jun 26 2019 by anthony
! NVRAM config last updated at 11:01:36 HKT Wed Jun 26 2019 by anthony
!
version 12.2
no service pad
service tcp-keepalives-in
service tcp-keepalives-out
service timestamps debug datetime localtime show-timezone
service timestamps log datetime msec localtime show-timezone
service password-encryption
service linenumber
service sequence-numbers
!
hostname HKHGC02DSW0001
!
boot-start-marker
boot-end-marker
!
logging buffered informational
logging console critical
!
aaa new-model
!
!
aaa authentication login default local group tacacs+
aaa authorization exec default local group tacacs+ 
aaa accounting commands 15 default stop-only group tacacs+
!
!
!
aaa session-id common
clock timezone HKT 8
switch 1 provision ws-c3750g-24t
switch 2 provision ws-c3750g-12s
switch 3 provision ws-c3750g-12s
switch 4 provision ws-c3750g-12s
switch 5 provision ws-c3750g-12s
system mtu routing 1500
no ip source-route
ip routing
no ip domain-lookup
ip domain-name aswatson.net
!
!
!
!
crypto pki trustpoint HTTPS_SS_CERT_KEYPAIR
 enrollment selfsigned
 serial-number
 revocation-check none
 rsakeypair HTTPS_SS_CERT_KEYPAIR
!
!
crypto pki certificate chain HTTPS_SS_CERT_KEYPAIR
 certificate self-signed 01
  quit
!
!
!
!
spanning-tree mode pvst
spanning-tree extend system-id
spanning-tree vlan 255 priority 8192
!
vlan internal allocation policy ascending
!
ip ssh version 2
!
!
!
interface Port-channel1
 description Connected to HKHGC02DSW0002
 switchport trunk encapsulation dot1q
 switchport trunk allowed vlan 128-188,190-499
 switchport mode trunk
!
interface Port-channel2
 description Connected to HKHGC02DSW0003
 switchport trunk encapsulation dot1q
 switchport trunk allowed vlan 128-188,190-499
 switchport mode trunk
!
interface Port-channel3
 description Connected to HKHGC02DSW0004
 switchport trunk encapsulation dot1q
 switchport trunk allowed vlan 128-188,190-499
 switchport mode trunk
!
interface Port-channel4
 description Connected to HKHGC02DSW0005
 switchport trunk encapsulation dot1q
 switchport trunk allowed vlan 128-188,190-499
 switchport mode trunk
!
interface Port-channel5
 description Connected to HKHGC02DSW0006
 switchport trunk encapsulation dot1q
 switchport trunk allowed vlan 128-188,190-499
 switchport mode trunk
!
interface Port-channel6
 description Connected to HKHGC02DSW0007
 switchport trunk encapsulation dot1q
 switchport trunk allowed vlan 128-499
 switchport mode trunk
!
interface Port-channel7
 description Connected to HKHGC02DSW0008
 switchport trunk encapsulation dot1q
 switchport trunk allowed vlan 128-499
 switchport mode trunk
!
interface Port-channel8
 description Connected to HKHGC02DSW0009 Gi0/47
 switchport trunk encapsulation dot1q
 switchport trunk allowed vlan 128-499
 switchport mode trunk
!
interface Port-channel9
 description Connected to HKHGC02DSW0010 Gi0/47
 switchport trunk encapsulation dot1q
 switchport trunk allowed vlan 128-499
 switchport mode trunk
!
interface Port-channel10
 description Connected to HKHGC02DSW0011
 switchport trunk encapsulation dot1q
 switchport mode trunk
 switchport nonegotiate
 load-interval 30
!
interface Port-channel11
 description Connected to HKHGC02DSW0012
 switchport trunk encapsulation dot1q
 switchport mode trunk
 switchport nonegotiate
 load-interval 30
!
interface Port-channel12
 description Connected to HKHGC02DSW0013
 switchport trunk encapsulation dot1q
 switchport mode trunk
 switchport nonegotiate
 load-interval 30
!
interface Port-channel13
 description Connected to HKHGC02DSW0014
 switchport trunk encapsulation dot1q
 switchport mode trunk
 switchport nonegotiate
 load-interval 30
!
interface Port-channel14
 description Connected to HKHGC02DSW0016
 switchport trunk encapsulation dot1q
 switchport trunk allowed vlan 128-499
 switchport mode trunk
!
interface Port-channel17
 description Connected to HKHGC02DSW0021
 switchport trunk encapsulation dot1q
 switchport trunk allowed vlan 128-499
 switchport mode trunk
!
interface Port-channel18
 switchport trunk encapsulation dot1q
 switchport trunk allowed vlan 128-499
 switchport mode trunk
 shutdown
!
interface Port-channel19
 switchport trunk encapsulation dot1q
 switchport trunk allowed vlan 128-499
 switchport mode trunk
 shutdown
!
interface Port-channel20
 switchport trunk encapsulation dot1q
 switchport trunk allowed vlan 128-499
 switchport mode trunk
 shutdown
!
interface Port-channel30
 description To Evergain-C3750X-2 Po30
 switchport trunk encapsulation dot1q
 switchport trunk allowed vlan 1,2,11,12,128,254,255,491
 switchport mode trunk
!
interface Port-channel31
 description To HKHGC02DSW0024 Po31
 switchport trunk encapsulation dot1q
 switchport trunk allowed vlan 1,2,11,12,128,130-132,140,141,144,145,150-157
 switchport trunk allowed vlan add 159,161-163,171,172,180-186,189-192,198-213
 switchport trunk allowed vlan add 215,254,255
 switchport mode trunk
!
interface Port-channel40
 switchport trunk encapsulation dot1q
 switchport trunk allowed vlan 1,2,11,12,128,254,255,492
 switchport mode trunk
 shutdown
!
interface GigabitEthernet1/0/1
 description Connected to ASA5520 Gi0/0 (VL128)
 switchport access vlan 128
 switchport mode access
 load-interval 30
!
interface GigabitEthernet1/0/2
 description Connected to ASA5520-1 Gi0/1 (VL131,141,144,151,154,161,163,172,182,184,186,192,203,205,206,208,211)
 switchport trunk encapsulation dot1q
 switchport trunk allowed vlan 131,141,144,151,154,161,163,172,182,184,186,192
 switchport trunk allowed vlan add 203,205,206,208,211,215
 switchport mode trunk
 load-interval 30
!
interface GigabitEthernet1/0/3
 description Connected to ASA5520-2 Gi0/2 (VL132,145,152,153,155,156,157,159,162,171,199,200,207,209,210,212,213)
 switchport trunk encapsulation dot1q
 switchport trunk allowed vlan 132,145,152,153,155-157,159,162,171,199,200,207
 switchport trunk allowed vlan add 209,210,212,213
 switchport mode trunk
 load-interval 30
!
interface GigabitEthernet1/0/4
 description Connected to ASA5520-2 Gi0/3 (VL181,183,190,201,202,204)
 switchport trunk encapsulation dot1q
 switchport trunk allowed vlan 181,183,190,201,202,204
 switchport mode trunk
 load-interval 30
!
interface GigabitEthernet1/0/5
 description Connected to ASA5520-2 Gi0/0 (VL128)
 switchport access vlan 128
 switchport mode access
 load-interval 30
 spanning-tree portfast
!
interface GigabitEthernet1/0/6
 description Connected to ASA5520-1 Gi0/1 (VL131,141,144,151,154,161,163,172,182,184,186,192,203,205,206,208,211)
 switchport trunk encapsulation dot1q
 switchport trunk allowed vlan 131,141,144,151,154,161,163,172,182,184,186,192
 switchport trunk allowed vlan add 203,205,206,208,211,215
 switchport mode trunk
 load-interval 30
!
interface GigabitEthernet1/0/7
 description Connected to ASA5520-1 Gi0/2 (VL132,145,152,153,155,156,157,159,162,171,199,200,207,209,210,212,213)
 switchport trunk encapsulation dot1q
 switchport trunk allowed vlan 132,145,152,153,155-157,159,162,171,199,200,207
 switchport trunk allowed vlan add 209,210,212,213
 switchport mode trunk
 load-interval 30
!
interface GigabitEthernet1/0/8
 description Connected to ASA5520-1 Gi0/3 (VL181,183,190,201,202,204)
 switchport trunk encapsulation dot1q
 switchport trunk allowed vlan 181,183,190,201,202,204
 switchport mode trunk
 load-interval 30
!
interface GigabitEthernet1/0/9
 description Nokia CP FW - DMZ 1
 switchport access vlan 140
 switchport mode access
 load-interval 30
 spanning-tree portfast
!
interface GigabitEthernet1/0/10
 description Nokia CP FW - DMZ 2
 switchport access vlan 150
 switchport mode access
 load-interval 30
 spanning-tree portfast
!
interface GigabitEthernet1/0/11
 description Nokia CP FW - Mgmt LAN
 switchport access vlan 130
 switchport mode access
 load-interval 30
 spanning-tree portfast
!
interface GigabitEthernet1/0/12
 description Nokia CP FW - inside
 switchport access vlan 128
 switchport mode access
 load-interval 30
 spanning-tree portfast
!
interface GigabitEthernet1/0/13
 description TEMP DBS FW ASA 5520
 switchport access vlan 128
 switchport mode access
 load-interval 30
 speed 100
 duplex full
 spanning-tree portfast
!
interface GigabitEthernet1/0/14
 description Connected to CP Firewall VL128
 switchport access vlan 150
 switchport mode access
 load-interval 30
 spanning-tree portfast
!
interface GigabitEthernet1/0/15
 switchport mode access
 load-interval 30
 spanning-tree portfast
!
interface GigabitEthernet1/0/16
 description To HKHGC02DVPN0001 Management0/0 (10.32.130.13)
 switchport access vlan 130
 switchport mode access
 load-interval 30
 spanning-tree portfast
!
interface GigabitEthernet1/0/17
 switchport access vlan 130
 switchport mode access
 load-interval 30
 shutdown
 spanning-tree portfast
!
interface GigabitEthernet1/0/18
 description Storage CX4 480 port 1
 switchport access vlan 189
 switchport mode access
 load-interval 30
 spanning-tree portfast
!
interface GigabitEthernet1/0/19
 switchport access vlan 128
 switchport mode access
 load-interval 30
 shutdown
 spanning-tree portfast
!
interface GigabitEthernet1/0/20
 description To HKHGC02DFW0003 Management0/0 (10.32.130.12)
 switchport access vlan 130
 switchport mode access
 load-interval 30
 spanning-tree portfast
!
interface GigabitEthernet1/0/21
 description Storage CX4 480 port 2
 switchport access vlan 189
 switchport mode access
 load-interval 30
 spanning-tree portfast
!
interface GigabitEthernet1/0/22
 description To GZ Call Center via RT_CallCenter_EG2EG_ASW
 switchport access vlan 255
 switchport mode access
 load-interval 30
!
interface GigabitEthernet1/0/23
 switchport access vlan 401
 switchport mode access
 load-interval 30
 shutdown
 speed 100
 duplex full
 spanning-tree portfast
!
interface GigabitEthernet1/0/24
 description Connected to HKHGC02DRT0002 Gi1/0/24
 switchport access vlan 128
 switchport mode access
 load-interval 30
!
interface GigabitEthernet2/0/1
 switchport trunk encapsulation dot1q
 switchport trunk allowed vlan 191
 switchport mode trunk
 load-interval 30
 shutdown
 speed nonegotiate
 spanning-tree cost 1
!
interface GigabitEthernet2/0/2
 description Connected to HKHGC02DSW0002 Gi0/47
 switchport trunk encapsulation dot1q
 switchport trunk allowed vlan 128-188,190-499
 switchport mode trunk
 load-interval 30
 channel-group 1 mode on
!
interface GigabitEthernet2/0/3
 description Connected to HKHGC02DSW0003 Gi0/47
 switchport trunk encapsulation dot1q
 switchport trunk allowed vlan 128-188,190-499
 switchport mode trunk
 load-interval 30
 channel-group 2 mode on
!
interface GigabitEthernet2/0/4
 description Connected to HKHGC02DSW0004 Gi0/47
 switchport trunk encapsulation dot1q
 switchport trunk allowed vlan 128-188,190-499
 switchport mode trunk
 load-interval 30
 channel-group 3 mode on
!
interface GigabitEthernet2/0/5
 description Connected to HKHGC02DSW0005 Gi0/47
 switchport trunk encapsulation dot1q
 switchport trunk allowed vlan 128-188,190-499
 switchport mode trunk
 load-interval 30
 channel-group 4 mode on
!
interface GigabitEthernet2/0/6
 description Connected to HKHGC02DSW0006 Gi1/0/25
 switchport trunk encapsulation dot1q
 switchport trunk allowed vlan 128-188,190-499
 switchport mode trunk
 load-interval 30
 channel-group 5 mode on
!
interface GigabitEthernet2/0/7
 switchport access vlan 189
 switchport mode access
 load-interval 30
 shutdown
!
interface GigabitEthernet2/0/8
 switchport access vlan 189
 switchport mode access
 load-interval 30
 shutdown
!
interface GigabitEthernet2/0/9
 description Connected to HKHGC02DSW0007 Gi0/47
 switchport trunk encapsulation dot1q
 switchport trunk allowed vlan 128-499
 switchport mode trunk
 load-interval 30
 channel-group 6 mode on
!
interface GigabitEthernet2/0/10
 description Connected to HKHGC02DSW0008 Gi0/47
 switchport trunk encapsulation dot1q
 switchport trunk allowed vlan 128-499
 switchport mode trunk
 load-interval 30
 channel-group 7 mode on
!
interface GigabitEthernet2/0/11
 description Connected to HKHGC02DSW0009 Gi0/47
 switchport trunk encapsulation dot1q
 switchport trunk allowed vlan 128-499
 switchport mode trunk
 load-interval 30
 channel-group 8 mode on
!
interface GigabitEthernet2/0/12
 description Connected to HKHGC02DSW0010 Gi0/47
 switchport trunk encapsulation dot1q
 switchport trunk allowed vlan 128-499
 switchport mode trunk
 load-interval 30
 channel-group 9 mode on
!
interface GigabitEthernet3/0/1
 switchport trunk encapsulation dot1q
 switchport trunk allowed vlan 191
 switchport mode trunk
 load-interval 30
 shutdown
 speed nonegotiate
 spanning-tree port-priority 160
 spanning-tree cost 4096
!
interface GigabitEthernet3/0/2
 description Connected to HKHGC02DSW0002 Gi0/48
 switchport trunk encapsulation dot1q
 switchport trunk allowed vlan 128-188,190-499
 switchport mode trunk
 load-interval 30
 channel-group 1 mode on
!
interface GigabitEthernet3/0/3
 description Connected to HKHGC02DSW0003 Gi0/48
 switchport trunk encapsulation dot1q
 switchport trunk allowed vlan 128-188,190-499
 switchport mode trunk
 load-interval 30
 channel-group 2 mode on
!
interface GigabitEthernet3/0/4
 description Connected to HKHGC02DSW0004 Gi0/48
 switchport trunk encapsulation dot1q
 switchport trunk allowed vlan 128-188,190-499
 switchport mode trunk
 load-interval 30
 channel-group 3 mode on
!
interface GigabitEthernet3/0/5
 description Connected to HKHGC02DSW0005 Gi0/48
 switchport trunk encapsulation dot1q
 switchport trunk allowed vlan 128-188,190-499
 switchport mode trunk
 load-interval 30
 channel-group 4 mode on
!
interface GigabitEthernet3/0/6
 description Connected to HKHGC02DSW0006 Gi2/0/25
 switchport trunk encapsulation dot1q
 switchport trunk allowed vlan 128-188,190-499
 switchport mode trunk
 load-interval 30
 channel-group 5 mode on
!
interface GigabitEthernet3/0/7
 switchport access vlan 189
 switchport mode access
 load-interval 30
 shutdown
!
interface GigabitEthernet3/0/8
 switchport access vlan 189
 switchport mode access
 load-interval 30
 shutdown
!
interface GigabitEthernet3/0/9
 description Connected to HKHGC02DSW0007 Gi0/47
 switchport trunk encapsulation dot1q
 switchport trunk allowed vlan 128-499
 switchport mode trunk
 load-interval 30
 channel-group 6 mode on
!
interface GigabitEthernet3/0/10
 description Connected to HKHGC02DSW0008 Gi0/47
 switchport trunk encapsulation dot1q
 switchport trunk allowed vlan 128-499
 switchport mode trunk
 load-interval 30
 channel-group 7 mode on
!
interface GigabitEthernet3/0/11
 description Connected to HKHGC02DSW0009 Gi0/48
 switchport trunk encapsulation dot1q
 switchport trunk allowed vlan 128-499
 switchport mode trunk
 load-interval 30
 channel-group 8 mode on
!
interface GigabitEthernet3/0/12
 description Connected to HKHGC02DSW0010 Gi0/48
 switchport trunk encapsulation dot1q
 switchport trunk allowed vlan 128-499
 switchport mode trunk
 load-interval 30
 channel-group 9 mode on
!
interface GigabitEthernet4/0/1
 description Connected to HKHGC02DSW0011 Gi0/47
 switchport trunk encapsulation dot1q
 switchport mode trunk
 switchport nonegotiate
 load-interval 30
 channel-group 10 mode on
!
interface GigabitEthernet4/0/2
 description Connected to HKHGC02DSW0012 Gi0/47
 switchport trunk encapsulation dot1q
 switchport mode trunk
 switchport nonegotiate
 load-interval 30
 channel-group 11 mode on
!
interface GigabitEthernet4/0/3
 description Connected to HKHGC02DSW0013 Gi0/47
 switchport trunk encapsulation dot1q
 switchport mode trunk
 switchport nonegotiate
 load-interval 30
 channel-group 12 mode on
!
interface GigabitEthernet4/0/4
 description Connected to HKHGC02DSW0014 Gi0/47
 switchport trunk encapsulation dot1q
 switchport mode trunk
 switchport nonegotiate
 load-interval 30
 channel-group 13 mode on
!
interface GigabitEthernet4/0/5
 description Connected to HKHGC02DSW0016 Gi1/0/28 (VL128-499)
 switchport trunk encapsulation dot1q
 switchport trunk allowed vlan 128-499
 switchport mode trunk
 load-interval 30
 channel-group 14 mode on
!
interface GigabitEthernet4/0/6
 description Connected to HKHGC02DSW0017 Gi1/0/27 (VL128-499)
 switchport trunk encapsulation dot1q
 switchport trunk allowed vlan 128-499
 switchport mode trunk
 load-interval 30
 channel-group 17 mode on
!
interface GigabitEthernet4/0/7
 shutdown
!
interface GigabitEthernet4/0/8
 description to Everagin_Force10_S4810P ten0/0
 switchport trunk encapsulation dot1q
 switchport trunk allowed vlan 1,2,11,12,128,130-132,140,141,144,145,150-157
 switchport trunk allowed vlan add 159,161-163,171,172,180-186,189-192,198-213
 switchport trunk allowed vlan add 215,254,255
 switchport mode trunk
 load-interval 30
 channel-group 31 mode on
!
interface GigabitEthernet4/0/9
 description to Everagin_Force10_S4810P ten0/1
 switchport trunk encapsulation dot1q
 switchport trunk allowed vlan 1,2,11,12,128,130-132,140,141,144,145,150-157
 switchport trunk allowed vlan add 159,161-163,171,172,180-186,189-192,198-213
 switchport trunk allowed vlan add 215,254,255
 switchport mode trunk
 load-interval 30
 channel-group 31 mode on
!
interface GigabitEthernet4/0/10
 description TEMP for new DMX4
 switchport access vlan 189
 switchport mode access
!
interface GigabitEthernet4/0/11
 switchport trunk encapsulation dot1q
 switchport trunk allowed vlan 1,2,11,12,128,254,255,492
 switchport mode trunk
 shutdown
 channel-group 40 mode on
!
interface GigabitEthernet4/0/12
 switchport trunk encapsulation dot1q
 switchport trunk allowed vlan 1,2,11,12,128,254,255,491
 switchport mode trunk
 shutdown
 channel-group 30 mode on
!
interface GigabitEthernet5/0/1
 description Connected to HKHGC02DSW0011 Gi0/48
 switchport trunk encapsulation dot1q
 switchport mode trunk
 switchport nonegotiate
 load-interval 30
 channel-group 10 mode on
!
interface GigabitEthernet5/0/2
 description Connected to HKHGC02DSW0012 Gi0/48
 switchport trunk encapsulation dot1q
 switchport mode trunk
 switchport nonegotiate
 load-interval 30
 channel-group 11 mode on
!
interface GigabitEthernet5/0/3
 description Connected to HKHGC02DSW0013 Gi0/48
 switchport trunk encapsulation dot1q
 switchport mode trunk
 switchport nonegotiate
 load-interval 30
 channel-group 12 mode on
!
interface GigabitEthernet5/0/4
 description Connected to HKHGC02DSW0014 Gi0/48
 switchport trunk encapsulation dot1q
 switchport mode trunk
 switchport nonegotiate
 load-interval 30
 channel-group 13 mode on
!
interface GigabitEthernet5/0/5
 description Connected to HKHGC02DSW0016 Gi2/0/28 (VL128-499)
 switchport trunk encapsulation dot1q
 switchport trunk allowed vlan 128-499
 switchport mode trunk
 load-interval 30
 channel-group 14 mode on
!
interface GigabitEthernet5/0/6
 description Connected to HKHGC02DSW0017 Gi1/0/28 (VL128-499)
 switchport trunk encapsulation dot1q
 switchport trunk allowed vlan 128-499
 switchport mode trunk
 load-interval 30
 channel-group 17 mode on
!
interface GigabitEthernet5/0/7
 shutdown
!
interface GigabitEthernet5/0/8
 description to Everagin_Force10_S4810P ten1/0
 switchport trunk encapsulation dot1q
 switchport trunk allowed vlan 1,2,11,12,128,130-132,140,141,144,145,150-157
 switchport trunk allowed vlan add 159,161-163,171,172,180-186,189-192,198-213
 switchport trunk allowed vlan add 215,254,255
 switchport mode trunk
 load-interval 30
 channel-group 31 mode on
!
interface GigabitEthernet5/0/9
 description to Everagin_Force10_S4810P ten1/1
 switchport trunk encapsulation dot1q
 switchport trunk allowed vlan 1,2,11,12,128,130-132,140,141,144,145,150-157
 switchport trunk allowed vlan add 159,161-163,171,172,180-186,189-192,198-213
 switchport trunk allowed vlan add 215,254,255
 switchport mode trunk
 load-interval 30
 channel-group 31 mode on
!
interface GigabitEthernet5/0/10
 description TEMP for new DMX4
 switchport access vlan 189
 switchport mode access
!
interface GigabitEthernet5/0/11
 switchport trunk encapsulation dot1q
 switchport trunk allowed vlan 1,2,11,12,128,254,255,492
 switchport mode trunk
 shutdown
 channel-group 40 mode on
!
interface GigabitEthernet5/0/12
 switchport trunk encapsulation dot1q
 switchport trunk allowed vlan 1,2,11,12,128,254,255,491
 switchport mode trunk
 shutdown
 channel-group 30 mode on
!
interface Vlan1
 no ip address
 shutdown
!
interface Vlan128
 no ip address
!
interface Vlan130
 ip address 10.32.130.1 255.255.255.0
!
interface Vlan131
 no ip address
 shutdown
!
interface Vlan132
 no ip address
 shutdown
!
interface Vlan140
 no ip address
 shutdown
!
interface Vlan141
 no ip address
 shutdown
!
interface Vlan151
 no ip address
 shutdown
!
interface Vlan152
 no ip address
 shutdown
!
interface Vlan153
 no ip address
 shutdown
!
interface Vlan159
 no ip address
!
interface Vlan161
 no ip address
 shutdown
!
interface Vlan171
 ip address 10.32.171.1 255.255.255.0
 shutdown
!
interface Vlan181
 no ip address
 shutdown
!
interface Vlan189
 no ip address
 ip access-group 111 in
!
interface Vlan190
 no ip address
 shutdown
!
interface Vlan191
 no ip address
!
interface Vlan201
 ip address 10.32.201.1 255.255.255.0
 shutdown
!
interface Vlan203
 ip address 10.32.203.1 255.255.255.0
 shutdown
!
interface Vlan204
 ip address 10.32.204.1 255.255.255.0
 shutdown
!
interface Vlan401
 description 10M MetroNet to FoTan (910033694)
 bandwidth 10000
 ip address 10.32.191.9 255.255.255.248
 no ip redirects
 no ip proxy-arp
 shutdown
!
interface Vlan491
 description Point to point Cavendish DC - 10GE WAN link - C4500X-1
 no ip address
!
interface Vlan492
 description Point to point Cavendish DC - 10GE WAN link - C4500X-2
 no ip address
!
ip default-gateway 10.32.130.10
ip classless
ip route 0.0.0.0 0.0.0.0 10.32.130.10
no ip http server
ip http secure-server
!
!
logging 10.32.32.20
logging 10.48.3.8
logging 10.32.32.41
logging 10.32.32.38
logging 10.32.130.20
logging 10.32.12.50
logging 10.32.32.21
access-list 10 permit 10.32.128.0 0.0.63.255
access-list 10 permit 10.32.192.0 0.0.31.255
access-list 10 permit 10.32.103.8 0.0.0.7
access-list 10 permit 10.63.11.16 0.0.0.15
access-list 79 permit 10.32.32.20
access-list 79 permit 10.32.32.40
access-list 79 permit 10.32.32.41
access-list 79 permit 10.48.3.8
access-list 79 permit 10.48.3.4
access-list 79 permit 10.48.3.108
access-list 79 permit 10.68.253.103
access-list 79 permit 10.68.253.102
access-list 79 permit 10.68.253.101
access-list 79 deny   any log
access-list 99 permit 10.32.83.20
access-list 99 permit 10.33.60.249
access-list 99 permit 10.32.2.0 0.0.1.255
access-list 99 permit 10.32.32.0 0.0.0.255
access-list 99 permit 10.32.79.0 0.0.0.255
access-list 99 permit 10.33.33.170 0.0.0.1
access-list 99 permit 10.33.33.172 0.0.0.3
access-list 99 permit 10.48.3.0 0.0.0.255
access-list 99 permit 10.32.128.76 0.0.0.1
access-list 99 permit 0.0.0.0 255.255.255.252
access-list 99 permit 10.32.11.0 0.0.0.255
access-list 99 permit 10.32.83.0 0.0.0.255
access-list 99 permit 10.32.90.0 0.0.0.255
access-list 99 permit 10.32.77.0 0.0.0.255
access-list 99 permit 10.32.130.0 0.0.0.255
access-list 99 permit 10.33.33.0 0.0.0.255
access-list 111 permit ip 10.32.189.0 0.0.0.31 10.32.89.0 0.0.0.31
access-list 111 permit ip 10.32.189.0 0.0.0.31 10.32.189.0 0.0.0.31
access-list 111 permit ip 10.32.189.0 0.0.0.31 10.32.89.64 0.0.0.31
access-list 111 permit ip 10.32.189.0 0.0.0.31 10.32.89.32 0.0.0.31
route-map static2ospf permit 10
 match ip address 10
!
!
snmp-server community aswg1sd RO
tacacs-server host 10.32.32.41
tacacs-server host 10.32.83.23
tacacs-server host 10.33.2.87
tacacs-server timeout 30
no tacacs-server directed-request
tacacs-server key 7 12140405425A0D173D
!
no vstack
banner exec ^C WARNING: Unauthorized access to this network is prohibited ^C
banner login ^C WARNING: Unauthorized access to this network is prohibited ^C
banner motd ^C WARNING: Unauthorized access to this network is prohibited ^C
!
line con 0
 logging synchronous
line vty 0
 access-class 99 in
 password 7 04585B56032559430400
 transport input all
line vty 1 4
 access-class 99 in
 password 7 04585B56032559430400
 no exec
 transport input all
line vty 5 15
 access-class 99 in
 password 7 04585B56032559430400
 transport input all
!
ntp clock-period 36029067
ntp source Vlan191
ntp server 10.32.14.3
ntp server 10.32.191.5
ntp server 10.32.191.2
end

